1 - len:0 - [0]
2 - len:3981 - [0, 1, 0]
3 - len:6306 - [0, 1, 2, 0]
4 - len:8012 - [0, 3, 1, 2, 0]
5 - len:8621 - [0, 3, 1, 4, 2, 0]
6 - len:8943 - [0, 5, 3, 1, 4, 2, 0]
7 - len:8892 - [0, 5, 3, 1, 4, 2, 6, 0]
8 - len:9404 - [0, 5, 3, 7, 1, 4, 2, 6, 0]
9 - len:9800 - [0, 5, 3, 7, 1, 4, 2, 8, 6, 0]
10 - len:10803 - [0, 9, 5, 3, 7, 1, 4, 2, 8, 6, 0]
11 - len:11625 - [0, 5, 3, 7, 1, 4, 2, 8, 6, 10, 9, 0]
12 - len:11692 - [0, 5, 3, 7, 1, 4, 2, 11, 6, 8, 10, 9, 0]
13 - len:12261 - [0, 5, 3, 9, 10, 6, 8, 11, 2, 4, 12, 1, 7, 0]
14 - len:12481 - [0, 5, 3, 9, 10, 6, 8, 11, 2, 13, 4, 12, 1, 7, 0]
15 - len:12856 - [0, 5, 3, 9, 10, 14, 6, 8, 11, 2, 13, 4, 12, 1, 7, 0]
16 - len:13374 - [0, 5, 3, 15, 9, 10, 14, 6, 8, 11, 2, 13, 4, 12, 1, 7, 0]
17 - len:13496 - [0, 5, 3, 15, 9, 16, 14, 10, 6, 8, 11, 2, 13, 4, 12, 1, 7, 0]
18 - len:13866 - [0, 5, 9, 16, 10, 14, 11, 6, 8, 1, 12, 4, 2, 13, 17, 15, 3, 7, 0]
19 - len:14300 - [0, 5, 17, 15, 3, 18, 9, 16, 14, 10, 6, 8, 11, 2, 13, 4, 12, 1, 7, 0]
20 - len:14400 - [0, 7, 1, 12, 4, 13, 2, 11, 6, 8, 19, 10, 14, 16, 9, 17, 15, 3, 18, 5, 0]