1 - len:0 - [0]
2 - len:256 - [0, 1, 0]
3 - len:290 - [0, 2, 1, 0]
4 - len:290 - [0, 2, 3, 1, 0]
5 - len:405 - [0, 2, 3, 1, 4, 0]
6 - len:405 - [0, 5, 4, 1, 3, 2, 0]
7 - len:584 - [0, 5, 6, 4, 1, 3, 2, 0]
8 - len:575 - [0, 5, 6, 7, 4, 1, 3, 2, 0]
9 - len:611 - [0, 5, 8, 6, 7, 4, 1, 3, 2, 0]
10 - len:730 - [0, 5, 8, 6, 7, 9, 4, 1, 3, 2, 0]
11 - len:735 - [0, 10, 5, 8, 6, 7, 9, 4, 1, 3, 2, 0]
12 - len:772 - [0, 10, 5, 11, 8, 6, 7, 9, 4, 1, 3, 2, 0]
13 - len:866 - [0, 12, 10, 5, 11, 8, 6, 7, 9, 4, 1, 3, 2, 0]
14 - len:873 - [0, 12, 10, 5, 11, 13, 4, 8, 6, 7, 9, 1, 3, 2, 0]
15 - len:893 - [0, 14, 2, 3, 1, 9, 7, 6, 8, 13, 4, 11, 5, 10, 12, 0]
16 - len:1069 - [0, 14, 2, 3, 1, 11, 13, 4, 9, 7, 6, 8, 15, 5, 10, 12, 0]
17 - len:1069 - [0, 14, 2, 3, 1, 11, 13, 4, 9, 7, 6, 8, 15, 16, 5, 10, 12, 0]
18 - len:1255 - [0, 14, 2, 3, 1, 11, 13, 4, 9, 17, 7, 6, 8, 15, 16, 5, 10, 12, 0]
19 - len:1451 - [0, 14, 2, 3, 1, 11, 13, 4, 9, 18, 17, 7, 6, 8, 15, 16, 5, 10, 12, 0]
20 - len:1455 - [0, 14, 2, 3, 1, 11, 13, 4, 9, 18, 17, 7, 6, 8, 19, 15, 16, 5, 10, 12, 0]