1 - len:0 - [0]
2 - len:214 - [0, 1, 0]
3 - len:496 - [0, 1, 2, 0]
4 - len:716 - [0, 3, 1, 2, 0]
5 - len:770 - [0, 4, 2, 1, 3, 0]
6 - len:787 - [0, 5, 4, 2, 1, 3, 0]
7 - len:1135 - [0, 5, 4, 2, 1, 3, 6, 0]
8 - len:1128 - [0, 7, 6, 3, 1, 2, 4, 5, 0]
9 - len:1185 - [0, 7, 6, 3, 1, 2, 4, 8, 5, 0]
10 - len:1185 - [0, 7, 6, 3, 9, 1, 2, 4, 8, 5, 0]
11 - len:1282 - [0, 7, 6, 10, 3, 9, 1, 2, 4, 8, 5, 0]
12 - len:1354 - [0, 7, 6, 10, 3, 9, 1, 2, 4, 8, 11, 5, 0]
13 - len:1417 - [0, 7, 6, 10, 3, 9, 12, 1, 2, 4, 8, 11, 5, 0]
14 - len:1513 - [0, 7, 6, 10, 13, 3, 9, 12, 1, 2, 4, 8, 11, 5, 0]
15 - len:1513 - [0, 7, 6, 10, 13, 14, 3, 9, 12, 1, 2, 4, 8, 11, 5, 0]
16 - len:1565 - [0, 7, 15, 6, 10, 13, 14, 3, 9, 12, 1, 2, 4, 8, 11, 5, 0]
17 - len:1677 - [0, 7, 15, 6, 10, 13, 16, 14, 3, 9, 12, 1, 2, 4, 8, 11, 5, 0]
18 - len:1677 - [0, 7, 15, 6, 10, 13, 16, 17, 14, 3, 9, 12, 1, 2, 4, 8, 11, 5, 0]
19 - len:1710 - [0, 7, 15, 18, 6, 10, 13, 16, 17, 14, 3, 9, 12, 1, 2, 4, 8, 11, 5, 0]
20 - len:1737 - [0, 7, 15, 12, 18, 6, 10, 13, 16, 17, 14, 3, 9, 19, 1, 2, 4, 8, 11, 5, 0]